# JRE version: OpenJDK Runtime Environment Temurin-21.0.10+7 (21.0.10+7) (build 21.0.10+7-LTS)
# Java VM: OpenJDK 64-Bit Server VM Temurin-21.0.10+7 (21.0.10+7-LTS, mixed mode, sharing, tiered, compressed oops, compressed class ptrs, g1 gc, windows-amd64)
GC Precious Log:
 CardTable entry size: 512
 Card Set container configuration: InlinePtr #cards 4 size 8 Array Of Cards #cards 16 size 48 Howl #buckets 8 coarsen threshold 3686 Howl Bitmap #cards 512 size 80 coarsen threshold 460 Card regions per heap region 1 cards per card region 4096
 CPUs: 4 total, 4 available
 Memory: 16295M
 Large Page Support: Disabled
 NUMA Support: Disabled
 Compressed Oops: Enabled (Zero based)
 Heap Region Size: 2M
 Heap Min Capacity: 8M
 Heap Initial Capacity: 256M
 Heap Max Capacity: 4074M
 Pre-touch: Disabled
 Parallel Workers: 4
 Concurrent Workers: 1
 Concurrent Refinement Workers: 4
 Periodic GC: Disabled
Heap:
 garbage-first heap   total 102400K, used 52141K [0x0000000701600000, 0x0000000800000000)
  region size 2048K, 1 young (2048K), 1 survivors (2048K)
 Metaspace       used 30010K, committed 30400K, reserved 1114112K
  class space    used 3346K, committed 3520K, reserved 1048576K
GC Heap History (20 events):
Event: 1.109 GC heap after
{Heap after GC invocations=2 (full 0):
 garbage-first heap   total 262144K, used 3871K [0x0000000701600000, 0x0000000800000000)
  region size 2048K, 1 young (2048K), 1 survivors (2048K)
 Metaspace       used 5667K, committed 5888K, reserved 1114112K
  class space    used 668K, committed 768K, reserved 1048576K
}
Event: 2.231 GC heap before
{Heap before GC invocations=2 (full 0):
 garbage-first heap   total 262144K, used 38687K [0x0000000701600000, 0x0000000800000000)
  region size 2048K, 18 young (36864K), 1 survivors (2048K)
 Metaspace       used 10448K, committed 10624K, reserved 1114112K
  class space    used 1261K, committed 1344K, reserved 1048576K
}
Event: 2.234 GC heap after
{Heap after GC invocations=3 (full 0):
 garbage-first heap   total 262144K, used 5816K [0x0000000701600000, 0x0000000800000000)
  region size 2048K, 2 young (4096K), 2 survivors (4096K)
 Metaspace       used 10448K, committed 10624K, reserved 1114112K
  class space    used 1261K, committed 1344K, reserved 1048576K
}
Event: 10.783 GC heap before
{Heap before GC invocations=3 (full 0):
 garbage-first heap   total 262144K, used 190136K [0x0000000701600000, 0x0000000800000000)
  region size 2048K, 76 young (155648K), 2 survivors (4096K)
 Metaspace       used 20334K, committed 20672K, reserved 1114112K
  class space    used 2334K, committed 2496K, reserved 1048576K
}
Event: 10.832 GC heap after
{Heap after GC invocations=4 (full 0):
 garbage-first heap   total 262144K, used 22866K [0x0000000701600000, 0x0000000800000000)
  region size 2048K, 9 young (18432K), 9 survivors (18432K)
 Metaspace       used 20334K, committed 20672K, reserved 1114112K
  class space    used 2334K, committed 2496K, reserved 1048576K
}
Event: 11.352 GC heap before
{Heap before GC invocations=4 (full 0):
 garbage-first heap   total 262144K, used 29010K [0x0000000701600000, 0x0000000800000000)
  region size 2048K, 12 young (24576K), 9 survivors (18432K)
 Metaspace       used 21178K, committed 21504K, reserved 1114112K
  class space    used 2454K, committed 2624K, reserved 1048576K
}
Event: 11.391 GC heap after
{Heap after GC invocations=5 (full 0):
 garbage-first heap   total 262144K, used 25794K [0x0000000701600000, 0x0000000800000000)
  region size 2048K, 3 young (6144K), 3 survivors (6144K)
 Metaspace       used 21178K, committed 21504K, reserved 1114112K
  class space    used 2454K, committed 2624K, reserved 1048576K
}
Event: 17.402 GC heap before
{Heap before GC invocations=6 (full 0):
 garbage-first heap   total 96256K, used 76994K [0x0000000701600000, 0x0000000800000000)
  region size 2048K, 28 young (57344K), 3 survivors (6144K)
 Metaspace       used 26799K, committed 27136K, reserved 1114112K
  class space    used 3068K, committed 3200K, reserved 1048576K
}
Event: 17.434 GC heap after
{Heap after GC invocations=7 (full 0):
 garbage-first heap   total 102400K, used 42182K [0x0000000701600000, 0x0000000800000000)
  region size 2048K, 4 young (8192K), 4 survivors (8192K)
 Metaspace       used 26799K, committed 27136K, reserved 1114112K
  class space    used 3068K, committed 3200K, reserved 1048576K
}
Event: 18.247 GC heap before
{Heap before GC invocations=7 (full 0):
 garbage-first heap   total 102400K, used 60614K [0x0000000701600000, 0x0000000800000000)
  region size 2048K, 13 young (26624K), 4 survivors (8192K)
 Metaspace       used 27106K, committed 27392K, reserved 1114112K
  class space    used 3085K, committed 3200K, reserved 1048576K
}
Event: 18.284 GC heap after
{Heap after GC invocations=8 (full 0):
 garbage-first heap   total 102400K, used 46407K [0x0000000701600000, 0x0000000800000000)
  region size 2048K, 2 young (4096K), 2 survivors (4096K)
 Metaspace       used 27106K, committed 27392K, reserved 1114112K
  class space    used 3085K, committed 3200K, reserved 1048576K
}
Event: 21.020 GC heap before
{Heap before GC invocations=8 (full 0):
 garbage-first heap   total 102400K, used 75079K [0x0000000701600000, 0x0000000800000000)
  region size 2048K, 16 young (32768K), 2 survivors (4096K)
 Metaspace       used 27879K, committed 28224K, reserved 1114112K
  class space    used 3135K, committed 3264K, reserved 1048576K
}
Event: 21.050 GC heap after
{Heap after GC invocations=9 (full 0):
 garbage-first heap   total 102400K, used 51328K [0x0000000701600000, 0x0000000800000000)
  region size 2048K, 2 young (4096K), 2 survivors (4096K)
 Metaspace       used 27879K, committed 28224K, reserved 1114112K
  class space    used 3135K, committed 3264K, reserved 1048576K
}
Event: 23.805 GC heap before
{Heap before GC invocations=9 (full 0):
 garbage-first heap   total 102400K, used 75904K [0x0000000701600000, 0x0000000800000000)
  region size 2048K, 15 young (30720K), 2 survivors (4096K)
 Metaspace       used 29316K, committed 29696K, reserved 1114112K
  class space    used 3307K, committed 3456K, reserved 1048576K
}
Event: 23.833 GC heap after
{Heap after GC invocations=10 (full 0):
 garbage-first heap   total 102400K, used 52876K [0x0000000701600000, 0x0000000800000000)
  region size 2048K, 1 young (2048K), 1 survivors (2048K)
 Metaspace       used 29316K, committed 29696K, reserved 1114112K
  class space    used 3307K, committed 3456K, reserved 1048576K
}
Event: 26.435 GC heap before
{Heap before GC invocations=11 (full 0):
 garbage-first heap   total 102400K, used 81548K [0x0000000701600000, 0x0000000800000000)
  region size 2048K, 15 young (30720K), 1 survivors (2048K)
 Metaspace       used 29715K, committed 30144K, reserved 1114112K
  class space    used 3339K, committed 3520K, reserved 1048576K
}
Event: 26.440 GC heap after
{Heap after GC invocations=12 (full 0):
 garbage-first heap   total 102400K, used 52829K [0x0000000701600000, 0x0000000800000000)
  region size 2048K, 1 young (2048K), 1 survivors (2048K)
 Metaspace       used 29715K, committed 30144K, reserved 1114112K
  class space    used 3339K, committed 3520K, reserved 1048576K
}
Event: 27.417 GC heap before
{Heap before GC invocations=12 (full 0):
 garbage-first heap   total 102400K, used 83549K [0x0000000701600000, 0x0000000800000000)
  region size 2048K, 16 young (32768K), 1 survivors (2048K)
 Metaspace       used 29865K, committed 30272K, reserved 1114112K
  class space    used 3344K, committed 3520K, reserved 1048576K
}
Event: 27.429 GC heap after
{Heap after GC invocations=13 (full 0):
 garbage-first heap   total 102400K, used 52330K [0x0000000701600000, 0x0000000800000000)
  region size 2048K, 1 young (2048K), 1 survivors (2048K)
 Metaspace       used 29865K, committed 30272K, reserved 1114112K
  class space    used 3344K, committed 3520K, reserved 1048576K
}
Event: 28.461 GC heap before
{Heap before GC invocations=13 (full 0):
 garbage-first heap   total 102400K, used 85098K [0x0000000701600000, 0x0000000800000000)
  region size 2048K, 17 young (34816K), 1 survivors (2048K)
 Metaspace       used 30010K, committed 30400K, reserved 1114112K
  class space    used 3346K, committed 3520K, reserved 1048576K
}

